1657212599521	geckodriver	INFO	Listening on 127.0.0.1:61610
1657212602591	mozrunner::runner	INFO	Running command: "C:\\Program Files (x86)\\Mozilla Firefox\\firefox.exe" "--marionette" "--remote-debugging-port" "61611" "--remote-allow-hosts" "localhost" "-no-remote" "-profile" "C:\\Users\\AKSHAY~1\\AppData\\Local\\Temp\\rust_mozprofileyIpcx7"
1657212624514	geckodriver	INFO	Listening on 127.0.0.1:61721
1657212627543	mozrunner::runner	INFO	Running command: "C:\\Program Files (x86)\\Mozilla Firefox\\firefox.exe" "--marionette" "--remote-debugging-port" "61722" "--remote-allow-hosts" "localhost" "-no-remote" "-profile" "C:\\Users\\AKSHAY~1\\AppData\\Local\\Temp\\rust_mozprofileWdWp7s"
JavaScript error: zjnpjkto1qw.cfg, line 2: ReferenceError: Components is not defined
1657212627952	Marionette	INFO	Marionette enabled
1657212627960	Marionette	INFO	Listening on port 61744
WebDriver BiDi listening on ws://localhost:61722
Read port: 61744
1657212628281	RemoteAgent	WARN	TLS certificate errors will be ignored for this session
console.warn: SearchSettings: "get: No settings file exists, new profile?" (new NotFoundError("Could not open the file at C:\\Users\\AKSHAY~1\\AppData\\Local\\Temp\\rust_mozprofileWdWp7s\\search.json.mozlz4", (void 0)))
DevTools listening on ws://localhost:61722/devtools/browser/92e15670-ae47-4aac-93b0-6afcd8ed6ef4
console.error: Region.jsm: "Error fetching region" (new Error("TIMEOUT", "resource://gre/modules/Region.jsm", 767))
console.error: Region.jsm: "Failed to fetch region" (new Error("TIMEOUT", "resource://gre/modules/Region.jsm", 419))
JavaScript error: https://www.aarcorp.com/news/?F_All=y, line 34: SyntaxError: unexpected token: identifier
JavaScript error: https://www.aarcorp.com/news/?F_All=y, line 34: SyntaxError: unexpected token: identifier
JavaScript error: https://www.aarcorp.com/news/?F_All=y, line 34: SyntaxError: unexpected token: identifier
JavaScript error: https://www.aarcorp.com/aarscomponentrepairfacilityinamsterdamrankednooneoutstandingsourceofrepairbynatosupportandprocurementagencyforfifthtime/?F_All=y, line 34: SyntaxError: unexpected token: identifier
JavaScript error: https://www.aarcorp.com/aar-landing-gear-pbl-program-wins-2021-secretary-of-defense-pbl-award/?F_All=y, line 34: SyntaxError: unexpected token: identifier
JavaScript error: https://www.aarcorp.com/aar-announces-marketing-partnership-agreement-with-provenair-technologies-llc/?F_All=y, line 34: SyntaxError: unexpected token: identifier
JavaScript error: https://www.aarcorp.com/aarscomponentrepairfacilityinamsterdamrankednooneoutstandingsourceofrepairbynatosupportandprocurementagencyforfifthtime/?F_All=y, line 34: SyntaxError: unexpected token: identifier
JavaScript error: https://www.aarcorp.com/aar-landing-gear-pbl-program-wins-2021-secretary-of-defense-pbl-award/?F_All=y, line 34: SyntaxError: unexpected token: identifier
JavaScript error: https://www.aarcorp.com/aar-announces-marketing-partnership-agreement-with-provenair-technologies-llc/?F_All=y, line 34: SyntaxError: unexpected token: identifier
JavaScript error: https://www.aarcorp.com/aarscomponentrepairfacilityinamsterdamrankednooneoutstandingsourceofrepairbynatosupportandprocurementagencyforfifthtime/?F_All=y, line 34: SyntaxError: unexpected token: identifier
JavaScript error: https://www.aarcorp.com/aar-landing-gear-pbl-program-wins-2021-secretary-of-defense-pbl-award/?F_All=y, line 34: SyntaxError: unexpected token: identifier
JavaScript error: https://www.aarcorp.com/aar-announces-marketing-partnership-agreement-with-provenair-technologies-llc/?F_All=y, line 34: SyntaxError: unexpected token: identifier
JavaScript error: https://www.aarcorp.com/aarscomponentrepairfacilityinamsterdamrankednooneoutstandingsourceofrepairbynatosupportandprocurementagencyforfifthtime/?F_All=y, line 34: SyntaxError: unexpected token: identifier
JavaScript error: https://www.aarcorp.com/aar-landing-gear-pbl-program-wins-2021-secretary-of-defense-pbl-award/?F_All=y, line 34: SyntaxError: unexpected token: identifier
JavaScript error: https://www.aarcorp.com/aar-announces-marketing-partnership-agreement-with-provenair-technologies-llc/?F_All=y, line 34: SyntaxError: unexpected token: identifier
JavaScript error: https://www.aarcorp.com/aarscomponentrepairfacilityinamsterdamrankednooneoutstandingsourceofrepairbynatosupportandprocurementagencyforfifthtime/?F_All=y, line 34: SyntaxError: unexpected token: identifier
JavaScript error: https://www.aarcorp.com/aar-landing-gear-pbl-program-wins-2021-secretary-of-defense-pbl-award/?F_All=y, line 34: SyntaxError: unexpected token: identifier
JavaScript error: https://www.aarcorp.com/aar-announces-marketing-partnership-agreement-with-provenair-technologies-llc/?F_All=y, line 34: SyntaxError: unexpected token: identifier
JavaScript error: https://www.aarcorp.com/news/?F_All=y, line 34: SyntaxError: unexpected token: identifier
JavaScript error: https://www.aarcorp.com/aarscomponentrepairfacilityinamsterdamrankednooneoutstandingsourceofrepairbynatosupportandprocurementagencyforfifthtime/?F_All=y, line 34: SyntaxError: unexpected token: identifier
JavaScript error: https://www.aarcorp.com/aar-landing-gear-pbl-program-wins-2021-secretary-of-defense-pbl-award/?F_All=y, line 34: SyntaxError: unexpected token: identifier
JavaScript error: https://www.aarcorp.com/aar-announces-marketing-partnership-agreement-with-provenair-technologies-llc/?F_All=y, line 34: SyntaxError: unexpected token: identifier
JavaScript error: https://www.aarcorp.com/aar-reports-third-quarter-fiscal-year-2022-results1/?F_All=y, line 34: SyntaxError: unexpected token: identifier
JavaScript error: https://www.aarcorp.com/aarsignsexclusivedistributionagreementwithcollinsaerospacesgoodrichdeicingspecialtyheatingsystemsbusiness/?F_All=y, line 34: SyntaxError: unexpected token: identifier
JavaScript error: https://www.aarcorp.com/aar-to-announce-third-quarter-fiscal-year-2022-results-on-march-22-2022/?F_All=y, line 34: SyntaxError: unexpected token: identifier
JavaScript error: https://www.aarcorp.com/aar-named-among-americas-best-midsize-employers-by-forbes/?F_All=y, line 34: SyntaxError: unexpected token: identifier
JavaScript error: https://www.aarcorp.com/aar-to-participate-in-citis-2022-global-industrial-tech-and-mobility-conference-on-february-23-2022/?F_All=y, line 34: SyntaxError: unexpected token: identifier
JavaScript error: https://www.aarcorp.com/rvc-aviation-maintenance-students-launch-their-career-with-aar/?F_All=y, line 34: SyntaxError: unexpected token: identifier
JavaScript error: https://www.aarcorp.com/aar-announces-a-10-year-extension-of-its-component-mro-agreement-with-iamco-for-support-of-the-nato-e-3a-airborne-warning-and-control-awacs-fleet/?F_All=y, line 34: SyntaxError: unexpected token: identifier
1657214332991	Marionette	INFO	Stopped listening on port 61744
console.warn: TopSitesFeed: Failed to fetch data from Contile server: NetworkError when attempting to fetch resource.
e" "--remote-debugging-port" "63626" "--remote-allow-hosts" "localhost" "-no-remote" "-profile" "C:\\Users\\AKSHAY~1\\AppData\\Local\\Temp\\rust_mozprofileulsv2P"
JavaScript error: zjnpjkto1qw.cfg, line 2: ReferenceError: Components is not defined
1657214326519	Marionette	INFO	Marionette enabled
1657214326526	Marionette	INFO	Listening on port 63646
WebDriver BiDi listening on ws://localhost:63626
Read port: 63646
1657214326744	RemoteAgent	WARN	TLS certificate errors will be ignored for this session
console.warn: SearchSettings: "get: No settings file exists, new profile?" (new NotFoundError("Could not open the file at C:\\Users\\AKSHAY~1\\AppData\\Local\\Temp\\rust_mozprofileulsv2P\\search.json.mozlz4", (void 0)))
DevTools listening on ws://localhost:63626/devtools/browser/5eb88426-e551-46b0-9bb5-ef59077b6ded
JavaScript error: https://www.aarcorp.com/news/?F_All=y, line 34: SyntaxError: unexpected token: identifier
JavaScript error: , line 0: NotFoundError: No such JSWindowActor 'DevToolsFrame'
JavaScript error: , line 0: NotFoundError: No such JSWindowActor 'DevToolsFrame'
JavaScript error: , line 0: NotFoundError: No such JSWindowActor 'DevToolsFrame'
JavaScript error: , line 0: NotFoundError: No such JSWindowActor 'DevToolsFrame'
JavaScript error: https://www.aarcorp.com/news/?F_All=y, line 34: SyntaxError: unexpected token: identifier
JavaScript error: , line 0: NotFoundError: No such JSWindowActor 'DevToolsFrame'
JavaScript error: , line 0: NotFoundError: No such JSWindowActor 'DevToolsFrame'
JavaScript error: , line 0: NotFoundError: No such JSWindowActor 'DevToolsFrame'
JavaScript error: , line 0: NotFoundError: No such JSWindowActor 'DevToolsFrame'
JavaScript error: , line 0: NotFoundError: No such JSWindowActor 'DevToolsFrame'
JavaScript error: , line 0: NotFoundError: No such JSWindowActor 'DevToolsFrame'
1657215056752	Marionette	INFO	Stopped listening on port 63646
console.warn: TopSitesFeed: Failed to fetch data from Contile server: NetworkError when attempting to fetch resource.
1657215069999	geckodriver	INFO	Listening on 127.0.0.1:64335
1657215073081	mozrunner::runner	INFO	Running command: "C:\\Program Files (x86)\\Mozilla Firefox\\firefox.exe" "--marionette" "--remote-debugging-port" "64336" "--remote-allow-hosts" "localhost" "-no-remote" "-profile" "C:\\Users\\AKSHAY~1\\AppData\\Local\\Temp\\rust_mozprofilehTAP6S"
JavaScript error: zjnpjkto1qw.cfg, line 2: ReferenceError: Components is not defined
1657215073639	Marionette	INFO	Marionette enabled
1657215073646	Marionette	INFO	Listening on port 64352
WebDriver BiDi listening on ws://localhost:64336
Read port: 64352
1657215073810	RemoteAgent	WARN	TLS certificate errors will be ignored for this session
console.warn: SearchSettings: "get: No settings file exists, new profile?" (new NotFoundError("Could not open the file at C:\\Users\\AKSHAY~1\\AppData\\Local\\Temp\\rust_mozprofilehTAP6S\\search.json.mozlz4", (void 0)))
DevTools listening on ws://localhost:64336/devtools/browser/f9e9a209-5ac6-4abe-aabc-58fa5458e4ac
JavaScript error: https://www.aarcorp.com/news/?F_All=y, line 34: SyntaxError: unexpected token: identifier
JavaScript error: https://www.aarcorp.com/news/?F_All=y, line 34: SyntaxError: unexpected token: identifier
1657215264618	Marionette	INFO	Stopped listening on port 64351657215266290	mozrunner::runner	INFO	Running command: "C:\\Program Files (x86)\\Mozilla Firefox\\firefox.exe" "--marionette" "--remote-debugging-port" "64710" "--remote-allow-hosts" "localhost" "-no-remote" "-profile" "C:\\Users\\AKSHAY~1\\AppData\\Local\\Temp\\rust_mozprofileCVl3Mf"
JavaScript error: zjnpjkto1qw.cfg, line 2: ReferenceError: Components is not defined
1657215266698	Marionette	INFO	Marionette enabled
1657215266705	Marionette	INFO	Listening on port 64728
WebDriver BiDi listening on ws://localhost:64710
Read port: 64728
1657215266856	RemoteAgent	WARN	TLS certificate errors will be ignored for this session
console.warn: SearchSettings: "get: No settings file exists, new profile?" (new NotFoundError("Could not open the file at C:\\Users\\AKSHAY~1\\AppData\\Local\\Temp\\rust_mozprofileCVl3Mf\\search.json.mozlz4", (void 0)))
DevTools listening on ws://localhost:64710/devtools/browser/e9d7c4da-dcb6-465f-8226-efd2625a8ea3
JavaScript error: https://www.aarcorp.com/news/?F_All=y, line 34: SyntaxError: unexpected token: identifier
JavaScript error: https://www.aarcorp.com/aarscomponentrepairfacilityinamsterdamrankednooneoutstandingsourceofrepairbynatosupportandprocurementagencyforfifthtime/?F_All=y, line 34: SyntaxError: unexpected token: identifier
JavaScript error: https://www.aarcorp.com/aar-landing-gear-pbl-program-wins-2021-secretary-of-defense-pbl-award/?F_All=y, line 34: SyntaxError: unexpected token: identifier
JavaScript error: https://www.aarcorp.com/aar-announces-marketing-partnership-agreement-with-provenair-technologies-llc/?F_All=y, line 34: SyntaxError: unexpected token: identifier
JavaScript error: https://www.aarcorp.com/aar-reports-third-quarter-fiscal-year-2022-results1/?F_All=y, line 34: SyntaxError: unexpected token: identifier
JavaScript error: https://www.aarcorp.com/aarsignsexclusivedistributionagreementwithcollinsaerospacesgoodrichdeicingspecialtyheatingsystemsbusiness/?F_All=y, line 34: SyntaxError: unexpected token: identifier
JavaScript error: https://www.aarcorp.com/news/?F_All=y, line 34: SyntaxError: unexpected token: identifier
JavaScript error: https://www.aarcorp.com/aar-lands-supply-chain-deal-with-kenya-airways-with-assist-from-the-us-commerce-department/?F_All=y, line 34: SyntaxError: unexpected token: identifier
JavaScript error: https://www.aarcorp.com/aar-awarded-new-contract-to-support-us-navy-vertical-replenishment/?F_All=y, line 34: SyntaxError: unexpected token: identifier
JavaScript error: https://www.aarcorp.com/aar-becomes-the-first-mro-operator-to-sign-data-sharing-pact-with-faa/?F_All=y, line 34: SyntaxError: unexpected token: identifier
1657215407963	geckodriver	INFO	Listening on 127.0.0.1:65102
1657215411051	mozrunner::runner	INFO	Running command: "C:\\Program Files (x86)\\Mozilla Firefox\\firefox.exe" "--marionette" "--remote-debugging-port" "65103" "--remote-allow-hosts" "localhost" "-no-remote" "-profile" "C:\\Users\\AKSHAY~1\\AppData\\Local\\Temp\\rust_mozprofilevWHiqs"
JavaScript error: zjnpjkto1qw.cfg, line 2: ReferenceError: Components is not defined
1657215411455	Marionette	INFO	Marionette enabled
1657215411462	Marionette	INFO	Listening on port 65125
WebDriver BiDi listening on ws://localhost:65103
Read port: 65125
1657215411627	RemoteAgent	WARN	TLS certificate errors will be ignored for this session
console.warn: SearchSettings: "get: No settings file exists, new profile?" (new NotFoundError("Could not open the file at C:\\Users\\AKSHAY~1\\AppData\\Local\\Temp\\rust_mozprofilevWHiqs\\search.json.mozlz4", (void 0)))
DevTools listening on ws://localhost:65103/devtools/browser/4eb21820-b2e4-41bc-a9b1-d596bdb9fe02
JavaScript error: https://www.aarcorp.com/news/?F_All=y, line 34: SyntaxError: unexpected token: identifier
JavaScript error: https://www.aarcorp.com/AAR_4thQuarter_FY14_Final_Results_071514/?F_All=y, line 34: SyntaxError: unexpected token: identifier
JavaScript error: https://www.aarcorp.com/AAR_Nordisk_Aviation_Products_Selected_by_China_Postal_Airlines/?F_All=y, line 34: SyntaxError: unexpected token: identifier
JavaScript error: https://www.aarcorp.com/aar-earns-nadcap-accreditation-for-composites-manufacturing/?F_All=y, line 34: SyntaxError: unexpected token: identifier
JavaScript error: https://www.aarcorp.com/aar-to-announce-fourth-quarter-and-fiscal-year-2014-results-on-july-15-2014/?F_All=y, line 34: SyntaxError: unexpected token: identifier
JavaScript error: https://www.aarcorp.com/aar-operations-commence-in-central-africa/?F_All=y, line 34: SyntaxError: unexpected token: identifier
JavaScript error: https://www.aarcorp.com/cargolux-launches-new-line-of-ulds-from-telair/?F_All=y, line 34: SyntaxError: unexpected token: identifier
JavaScript error: https://www.aarcorp.com/aerospace-company--its-ceo-pledge-three-year-commitment-to-support-science-technology-engineering-and-mathematics-at-overtown-youth-center-oyc-/?F_All=y, line 34: SyntaxError: unexpected token: identifier
JavaScript error: https://www.aarcorp.com/aar-lands-supply-chain-deal-with-kenya-airways-with-assist-from-the-us-commerce-department/?F_All=y, line 34: SyntaxError: unexpected token: identifier
JavaScript error: https://www.aarcorp.com/aar-awarded-new-contract-to-support-us-navy-vertical-replenishment/?F_All=y, line 34: SyntaxError: unexpected token: identifier
JavaScript error: https://www.aarcorp.com/aar-becomes-the-first-mro-operator-to-sign-data-sharing-pact-with-faa/?F_All=y, line 34: SyntaxError: unexpected token: identifier
