1660493273227	geckodriver	INFO	Listening on 127.0.0.1:61271
1660493276266	mozrunner::runner	INFO	Running command: "C:\\Program Files\\Mozilla Firefox\\firefox.exe" "--marionette" "--remote-debugging-port" "61272" "--remote-allow-hosts" "localhost" "-no-remote" "-profile" "C:\\Users\\Akshay\\AppData\\Local\\Temp\\rust_mozprofilero8giU"
1660493276778	Marionette	INFO	Marionette enabled
1660493276785	Marionette	INFO	Listening on port 61281
WebDriver BiDi listening on ws://localhost:61272
Read port: 61281
1660493276965	RemoteAgent	WARN	TLS certificate errors will be ignored for this session
console.warn: SearchSettings: "get: No settings file exists, new profile?" (new NotFoundError("Could not open the file at C:\\Users\\Akshay\\AppData\\Local\\Temp\\rust_mozprofilero8giU\\search.json.mozlz4", (void 0)))
DevTools listening on ws://localhost:61272/devtools/browser/efede492-54f9-4443-aac6-f705415988a7
JavaScript error: resource://gre/modules/URIFixup.jsm, line 278: NS_ERROR_FAILURE: Should pass a non-null uri
console.warn: LoginRecipes: "getRecipes: falling back to a synchronous message for:" "https://contrataciondelestado.es"
console.warn: LoginRecipes: "getRecipes: falling back to a synchronous message for:" "https://contrataciondelestado.es"
console.warn: LoginRecipes: "getRecipes: falling back to a synchronous message for:" "https://contrataciondelestado.es"
console.warn: LoginRecipes: "getRecipes: falling back to a synchronous message for:" "https://contrataciondelestado.es"
console.warn: LoginRecipes: "getRecipes: falling back to a synchronous message for:" "https://contrataciondelestado.es"
console.warn: LoginRecipes: "getRecipes: falling back to a synchronous message for:" "https://contrataciondelestado.es"
console.warn: LoginRecipes: "getRecipes: falling back to a synchronous message for:" "https://contrataciondelestado.es"
console.warn: LoginRecipes: "getRecipes: falling back to a synchronous message for:" "https://contrataciondelestado.es"
console.warn: LoginRecipes: "getRecipes: falling back to a synchronous message for:" "https://contrataciondelestado.es"
console.warn: LoginRecipes: "getRecipes: falling back to a synchronous message for:" "https://contrataciondelestado.es"
console.warn: LoginRecipes: "getRecipes: falling back to a synchronous message for:" "https://contrataciondelestado.es"
console.warn: LoginRecipes: "getRecipes: falling back to a synchronous message for:" "https://contrataciondelestado.es"
console.warn: LoginRecipes: "getRecipes: falling back to a synchronous message for:" "https://contrataciondelestado.es"
console.warn: LoginRecipes: "getRecipes: falling back to a synchronous message for:" "https://contrataciondelestado.es"
console.warn: LoginRecipes: "getRecipes: falling back to a synchronous message for:" "https://contrataciondelestado.es"
console.warn: LoginRecipes: "getRecipes: falling back to a synchronous message for:" "https://contrataciondelestado.es"
console.warn: LoginRecipes: "getRecipes: falling back to a synchronous message for:" "https://contrataciondelestado.es"
console.warn: LoginRecipes: "getRecipes: falling back to a synchronous message for:" "https://contrataciondelestado.es"
console.warn: LoginRecipes: "getRecipes: falling back to a synchronous message for:" "https://contrataciondelestado.es"
console.warn: LoginRecipes: "getRecipes: falling back to a synchronous message for:" "https://contrataciondelestado.es"
console.warn: LoginRecipes: "getRecipes: falling back to a synchronous message for:" "https://contrataciondelestado.es"
console.warn: LoginRecipes: "getRecipes: falling back to a synchronous message for:" "https://contrataciondelestado.es"
console.warn: LoginRecipes: "getRecipes: falling back to a synchronous message for:" "https://contrataciondelestado.es"
console.warn: LoginRecipes: "getRecipes: falling back to a synchronous message for:" "https://contrataciondelestado.es"
1660493332661	Marionette	WARN	TimedPromise timed out after 500 ms: stacktrace:
TimedPromise/<@chrome://remote/content/marionette/sync.js:237:24
TimedPromise@chrome://remote/content/marionette/sync.js:222:10
interaction.flushEventLoop@chrome://remote/content/marionette/interaction.js:431:10
webdriverClickElement@chrome://remote/content/marionette/interaction.js:179:31
console.warn: LoginRecipes: "getRecipes: falling back to a synchronous message for:" "https://contrataciondelestado.es"
console.warn: LoginRecipes: "getRecipes: falling back to a synchronous message for:" "https://contrataciondelestado.es"
console.warn: LoginRecipes: "getRecipes: falling back to a synchronous message for:" "https://contrataciondelestado.es"
console.warn: LoginRecipes: "getRecipes: falling back to a synchronous message for:" "https://contrataciondelestado.es"
1660493339192	Marionette	WARN	TimedPromise timed out after 500 ms: stacktrace:
TimedPromise/<@chrome://remote/content/marionette/sync.js:237:24
TimedPromise@chrome://remote/content/marionette/sync.js:222:10
interaction.flushEventLoop@chrome://remote/content/marionette/interaction.js:431:10
webdriverClickElement@chrome://remote/content/marionette/interaction.js:179:31
console.warn: LoginRecipes: "getRecipes: falling back to a synchronous message for:" "https://contrataciondelestado.es"
console.warn: LoginRecipes: "getRecipes: falling back to a synchronous message for:" "https://contrataciondelestado.es"
console.warn: LoginRecipes: "getRecipes: falling back to a synchronous message for:" "https://contrataciondelestado.es"
console.warn: LoginRecipes: "getRecipes: falling back to a synchronous message for:" "https://contrataciondelestado.es"
1660493346672	Marionette	WARN	TimedPromise timed out after 500 ms: stacktrace:
TimedPromise/<@chrome://remote/content/marionette/sync.js:237:24
TimedPromise@chrome://remote/content/marionette/sync.js:222:10
interaction.flushEventLoop@chrome://remote/content/marionette/interaction.js:431:10
webdriverClickElement@chrome://remote/content/marionette/interaction.js:179:31
console.warn: LoginRecipes: "getRecipes: falling back to a synchronous message for:" "https://contrataciondelestado.es"
console.warn: LoginRecipes: "getRecipes: falling back to a synchronous message for:" "https://contrataciondelestado.es"
console.warn: LoginRecipes: "getRecipes: falling back to a synchronous message for:" "https://contrataciondelestado.es"
console.warn: LoginRecipes: "getRecipes: falling back to a synchronous message for:" "https://contrataciondelestado.es"
console.warn: LoginRecipes: "getRecipes: falling back to a synchronous message for:" "https://contrataciondelestado.es"
console.warn: LoginRecipes: "getRecipes: falling back to a synchronous message for:" "https://contrataciondelestado.es"
console.warn: LoginRecipes: "getRecipes: falling back to a synchronous message for:" "https://contrataciondelestado.es"
console.warn: LoginRecipes: "getRecipes: falling back to a synchronous message for:" "https://contrataciondelestado.es"
console.warn: LoginRecipes: "getRecipes: falling back to a synchronous message for:" "https://contrataciondelestado.es"
console.warn: LoginRecipes: "getRecipes: falling back to a synchronous message for:" "https://contrataciondelestado.es"
console.warn: LoginRecipes: "getRecipes: falling back to a synchronous message for:" "https://contrataciondelestado.es"
console.warn: LoginRecipes: "getRecipes: falling back to a synchronous message for:" "https://contrataciondelestado.es"
console.warn: LoginRecipes: "getRecipes: falling back to a synchronous message for:" "https://contrataciondelestado.es"
1660493409443	Marionette	INFO	Stopped listening on port 61281
1660556162807	geckodriver	INFO	Listening on 127.0.0.1:50387
1660556165855	mozrunner::runner	INFO	Running command: "C:\\Program Files\\Mozilla Firefox\\firefox.exe" "--marionette" "--remote-debugging-port" "50388" "--remote-allow-hosts" "localhost" "-no-remote" "-profile" "C:\\Users\\Akshay\\AppData\\Local\\Temp\\rust_mozprofile4NpHJn"
1660556167357	Marionette	INFO	Marionette enabled
1660556167366	Marionette	INFO	Listening on port 50397
WebDriver BiDi listening on ws://localhost:50388
Read port: 50397
1660556167616	RemoteAgent	WARN	TLS certificate errors will be ignored for this session
console.warn: SearchSettings: "get: No settings file exists, new profile?" (new NotFoundError("Could not open the file at C:\\Users\\Akshay\\AppData\\Local\\Temp\\rust_mozprofile4NpHJn\\search.json.mozlz4", (void 0)))
DevTools listening on ws://localhost:50388/devtools/browser/d5a3b30b-cd1e-4866-8923-7ac18fc48f6b
JavaScript error: resource://gre/modules/URIFixup.jsm, line 278: NS_ERROR_FAILURE: Should pass a non-null uri
console.warn: LoginRecipes: "getRecipes: falling back to a synchronous message for:" "https://contrataciondelestado.es"
console.warn: LoginRecipes: "getRecipes: falling back to a synchronous message for:" "https://contrataciondelestado.es"
1660556202463	Marionette	WARN	TimedPromise timed out after 500 ms: stacktrace:
TimedPromise/<@chrome://remote/content/marionette/sync.js:237:24
TimedPromise@chrome://remote/content/marionette/sync.js:222:10
interaction.flushEventLoop@chrome://remote/content/marionette/interaction.js:431:10
webdriverClickElement@chrome://remote/content/marionette/interaction.js:179:31
console.warn: LoginRecipes: "getRecipes: falling back to a synchronous message for:" "https://contrataciondelestado.es"
console.warn: LoginRecipes: "getRecipes: falling back to a synchronous message for:" "https://contrataciondelestado.es"
console.warn: LoginRecipes: "getRecipes: falling back to a synchronous message for:" "https://contrataciondelestado.es"
console.warn: LoginRecipes: "getRecipes: falling back to a synchronous message for:" "https://contrataciondelestado.es"
console.warn: LoginRecipes: "getRecipes: falling back to a synchronous message for:" "https://contrataciondelestado.es"
console.warn: LoginRecipes: "getRecipes: falling back to a synchronous message for:" "https://contrataciondelestado.es"
console.warn: LoginRecipes: "getRecipes: falling back to a synchronous message for:" "https://contrataciondelestado.es"
console.warn: LoginRecipes: "getRecipes: falling back to a synchronous message for:" "https://contrataciondelestado.es"
console.warn: LoginRecipes: "getRecipes: falling back to a synchronous message for:" "https://contrataciondelestado.es"
console.warn: LoginRecipes: "getRecipes: falling back to a synchronous message for:" "https://contrataciondelestado.es"
console.warn: LoginRecipes: "getRecipes: falling back to a synchronous message for:" "https://contrataciondelestado.es"
console.warn: LoginRecipes: "getRecipes: falling back to a synchronous message for:" "https://contrataciondelestado.es"
console.warn: LoginRecipes: "getRecipes: falling back to a synchronous message for:" "https://contrataciondelestado.es"
console.warn: LoginRecipes: "getRecipes: falling back to a synchronous message for:" "https://contrataciondelestado.es"
console.warn: LoginRecipes: "getRecipes: falling back to a synchronous message for:" "https://contrataciondelestado.es"
console.warn: LoginRecipes: "getRecipes: falling back to a synchronous message for:" "https://contrataciondelestado.es"
console.warn: LoginRecipes: "getRecipes: falling back to a synchronous message for:" "https://contrataciondelestado.es"
console.warn: LoginRecipes: "getRecipes: falling back to a synchronous message for:" "https://contrataciondelestado.es"
console.warn: LoginRecipes: "getRecipes: falling back to a synchronous message for:" "https://contrataciondelestado.es"
1660556217515	Marionette	WARN	TimedPromise timed out after 500 ms: stacktrace:
TimedPromise/<@chrome://remote/content/marionette/sync.js:237:24
TimedPromise@chrome://remote/content/marionette/sync.js:222:10
interaction.flushEventLoop@chrome://remote/content/marionette/interaction.js:431:10
webdriverClickElement@chrome://remote/content/marionette/interaction.js:179:31
console.warn: LoginRecipes: "getRecipes: falling back to a synchronous message for:" "https://contrataciondelestado.es"
1660556219420	Marionette	WARN	TimedPromise timed out after 500 ms: stacktrace:
TimedPromise/<@chrome://remote/content/marionette/sync.js:237:24
TimedPromise@chrome://remote/content/marionette/sync.js:222:10
interaction.flushEventLoop@chrome://remote/content/marionette/interaction.js:431:10
webdriverClickElement@chrome://remote/content/marionette/interaction.js:179:31
console.warn: LoginRecipes: "getRecipes: falling back to a synchronous message for:" "https://contrataciondelestado.es"
console.warn: LoginRecipes: "getRecipes: falling back to a synchronous message for:" "https://contrataciondelestado.es"
1660558110365	Marionette	INFO	Stopped listening on port 50397
console.warn: TopSitesFeed: Failed to fetch data from Contile server: NetworkError when attempting to fetch resource.
1660558119397	geckodriver	INFO	Listening on 127.0.0.1:52595
1660558122415	mozrunner::runner	INFO	Running command: "C:\\Program Files\\Mozilla Firefox\\firefox.exe" "--marionette" "--remote-debugging-port" "52596" "--remote-allow-hosts" "localhost" "-no-remote" "-profile" "C:\\Users\\Akshay\\AppData\\Local\\Temp\\rust_mozprofileVkyjGv"
1660558122865	Marionette	INFO	Marionette enabled
1660558122872	Marionette	INFO	Listening on port 52607
WebDriver BiDi listening on ws://localhost:52596
Read port: 52607
1660558123067	RemoteAgent	WARN	TLS certificate errors will be ignored for this session
console.warn: SearchSettings: "get: No settings file exists, new profile?" (new NotFoundError("Could not open the file at C:\\Users\\Akshay\\AppData\\Local\\Temp\\rust_mozprofileVkyjGv\\search.json.mozlz4", (void 0)))
DevTools listening on ws://localhost:52596/devtools/browser/7afb7720-8cc2-4c8d-a66f-a3d980bc05a3
JavaScript error: resource://gre/modules/URIFixup.jsm, line 278: NS_ERROR_FAILURE: Should pass a non-null uri
console.warn: LoginRecipes: "getRecipes: falling back to a synchronous message for:" "https://contrataciondelestado.es"
console.warn: LoginRecipes: "getRecipes: falling back to a synchronous message for:" "https://contrataciondelestado.es"
console.warn: LoginRecipes: "getRecipes: falling back to a synchronous message for:" "https://contrataciondelestado.es"
1660558268210	Marionette	WARN	TimedPromise timed out after 500 ms: stacktrace:
TimedPromise/<@chrome://remote/content/marionette/sync.js:237:24
TimedPromise@chrome://remote/content/marionette/sync.js:222:10
interaction.flushEventLoop@chrome://remote/content/marionette/interaction.js:431:10
webdriverClickElement@chrome://remote/content/marionette/interaction.js:179:31
console.warn: LoginRecipes: "getRecipes: falling back to a synchronous message for:" "https://contrataciondelestado.es"
console.warn: LoginRecipes: "getRecipes: falling back to a synchronous message for:" "https://contrataciondelestado.es"
console.warn: LoginRecipes: "getRecipes: falling back to a synchronous message for:" "https://contrataciondelestado.es"
1660558270745	Marionette	WARN	TimedPromise timed out after 500 ms: stacktrace:
TimedPromise/<@chrome://remote/content/marionette/sync.js:237:24
TimedPromise@chrome://remote/content/marionette/sync.js:222:10
interaction.flushEventLoop@chrome://remote/content/marionette/interaction.js:431:10
webdriverClickElement@chrome://remote/content/marionette/interaction.js:179:31
console.warn: LoginRecipes: "getRecipes: falling back to a synchronous message for:" "https://contrataciondelestado.es"
1660558272896	Marionette	WARN	TimedPromise timed out after 500 ms: stacktrace:
TimedPromise/<@chrome://remote/content/marionette/sync.js:237:24
TimedPromise@chrome://remote/content/marionette/sync.js:222:10
interaction.flushEventLoop@chrome://remote/content/marionette/interaction.js:431:10
webdriverClickElement@chrome://remote/content/marionette/interaction.js:179:31
console.warn: LoginRecipes: "getRecipes: falling back to a synchronous message for:" "https://contrataciondelestado.es"
console.warn: LoginRecipes: "getRecipes: falling back to a synchronous message for:" "https://contrataciondelestado.es"
console.warn: LoginRecipes: "getRecipes: falling back to a synchronous message for:" "https://contrataciondelestado.es"
console.warn: LoginRecipes: "getRecipes: falling back to a synchronous message for:" "https://contrataciondelestado.es"
console.warn: LoginRecipes: "getRecipes: falling back to a synchronous message for:" "https://contrataciondelestado.es"
console.warn: LoginRecipes: "getRecipes: falling back to a synchronous message for:" "https://contrataciondelestado.es"
console.warn: LoginRecipes: "getRecipes: falling back to a synchronous message for:" "https://contrataciondelestado.es"
console.warn: LoginRecipes: "getRecipes: falling back to a synchronous message for:" "https://contrataciondelestado.es"
console.warn: LoginRecipes: "getRecipes: falling back to a synchronous message for:" "https://contrataciondelestado.es"
console.warn: LoginRecipes: "getRecipes: falling back to a synchronous message for:" "https://contrataciondelestado.es"
1660558299427	Marionette	WARN	TimedPromise timed out after 500 ms: stacktrace:
TimedPromise/<@chrome://remote/content/marionette/sync.js:237:24
TimedPromise@chrome://remote/content/marionette/sync.js:222:10
interaction.flushEventLoop@chrome://remote/content/marionette/interaction.js:431:10
webdriverClickElement@chrome://remote/content/marionette/interaction.js:179:31
console.warn: LoginRecipes: "getRecipes: falling back to a synchronous message for:" "https://contrataciondelestado.es"
console.warn: LoginRecipes: "getRecipes: falling back to a synchronous message for:" "https://contrataciondelestado.es"
console.warn: LoginRecipes: "getRecipes: falling back to a synchronous message for:" "https://contrataciondelestado.es"
console.warn: LoginRecipes: "getRecipes: falling back to a synchronous message for:" "https://contrataciondelestado.es"
console.warn: LoginRecipes: "getRecipes: falling back to a synchronous message for:" "https://contrataciondelestado.es"
console.warn: LoginRecipes: "getRecipes: falling back to a synchronous message for:" "https://contrataciondelestado.es"
console.warn: LoginRecipes: "getRecipes: falling back to a synchronous message for:" "https://contrataciondelestado.es"
console.warn: LoginRecipes: "getRecipes: falling back to a synchronous message for:" "https://contrataciondelestado.es"
console.warn: LoginRecipes: "getRecipes: falling back to a synchronous message for:" "https://contrataciondelestado.es"
console.warn: LoginRecipes: "getRecipes: falling back to a synchronous message for:" "https://contrataciondelestado.es"
console.warn: LoginRecipes: "getRecipes: falling back to a synchronous message for:" "https://contrataciondelestado.es"
console.warn: LoginRecipes: "getRecipes: falling back to a synchronous message for:" "https://contrataciondelestado.es"
console.warn: LoginRecipes: "getRecipes: falling back to a synchronous message for:" "https://contrataciondelestado.es"
console.warn: LoginRecipes: "getRecipes: falling back to a synchronous message for:" "https://contrataciondelestado.es"
console.warn: LoginRecipes: "getRecipes: falling back to a synchronous message for:" "https://contrataciondelestado.es"
console.warn: LoginRecipes: "getRecipes: falling back to a synchronous message for:" "https://contrataciondelestado.es"
console.warn: LoginRecipes: "getRecipes: falling back to a synchronous message for:" "https://contrataciondelestado.es"
console.warn: LoginRecipes: "getRecipes: falling back to a synchronous message for:" "https://contrataciondelestado.es"
console.warn: LoginRecipes: "getRecipes: falling back to a synchronous message for:" "https://contrataciondelestado.es"
console.warn: LoginRecipes: "getRecipes: falling back to a synchronous message for:" "https://contrataciondelestado.es"
console.warn: LoginRecipes: "getRecipes: falling back to a synchronous message for:" "https://contrataciondelestado.es"
console.warn: LoginRecipes: "getRecipes: falling back to a synchronous message for:" "https://contrataciondelestado.es"
console.warn: LoginRecipes: "getRecipes: falling back to a synchronous message for:" "https://contrataciondelestado.es"
console.warn: LoginRecipes: "getRecipes: falling back to a synchronous message for:" "https://contrataciondelestado.es"
console.warn: LoginRecipes: "getRecipes: falling back to a synchronous message for:" "https://contrataciondelestado.es"
1660558373579	Marionette	WARN	TimedPromise timed out after 500 ms: stacktrace:
TimedPromise/<@chrome://remote/content/marionette/sync.js:237:24
TimedPromise@chrome://remote/content/marionette/sync.js:222:10
interaction.flushEventLoop@chrome://remote/content/marionette/interaction.js:431:10
webdriverClickElement@chrome://remote/content/marionette/interaction.js:179:31
console.warn: LoginRecipes: "getRecipes: falling back to a synchronous message for:" "https://contrataciondelestado.es"
console.warn: LoginRecipes: "getRecipes: falling back to a synchronous message for:" "https://contrataciondelestado.es"
console.warn: LoginRecipes: "getRecipes: falling back to a synchronous message for:" "https://contrataciondelestado.es"
1660558376035	Marionette	WARN	TimedPromise timed out after 500 ms: stacktrace:
TimedPromise/<@chrome://remote/content/marionette/sync.js:237:24
TimedPromise@chrome://remote/content/marionette/sync.js:222:10
interaction.flushEventLoop@chrome://remote/content/marionette/interaction.js:431:10
webdriverClickElement@chrome://remote/content/marionette/interaction.js:179:31
console.warn: LoginRecipes: "getRecipes: falling back to a synchronous message for:" "https://contrataciondelestado.es"
console.warn: LoginRecipes: "getRecipes: falling back to a synchronous message for:" "https://contrataciondelestado.es"
1660558378215	Marionette	WARN	TimedPromise timed out after 500 ms: stacktrace:
TimedPromise/<@chrome://remote/content/marionette/sync.js:237:24
TimedPromise@chrome://remote/content/marionette/sync.js:222:10
interaction.flushEventLoop@chrome://remote/content/marionette/interaction.js:431:10
webdriverClickElement@chrome://remote/content/marionette/interaction.js:179:31
console.warn: LoginRecipes: "getRecipes: falling back to a synchronous message for:" "https://contrataciondelestado.es"
console.warn: LoginRecipes: "getRecipes: falling back to a synchronous message for:" "https://contrataciondelestado.es"
console.warn: LoginRecipes: "getRecipes: falling back to a synchronous message for:" "https://contrataciondelestado.es"
console.warn: LoginRecipes: "getRecipes: falling back to a synchronous message for:" "https://contrataciondelestado.es"
console.warn: LoginRecipes: "getRecipes: falling back to a synchronous message for:" "https://contrataciondelestado.es"
console.warn: LoginRecipes: "getRecipes: falling back to a synchronous message for:" "https://contrataciondelestado.es"
1660559035052	Marionette	WARN	TimedPromise timed out after 500 ms: stacktrace:
TimedPromise/<@chrome://remote/content/marionette/sync.js:237:24
TimedPromise@chrome://remote/content/marionette/sync.js:222:10
interaction.flushEventLoop@chrome://remote/content/marionette/interaction.js:431:10
webdriverClickElement@chrome://remote/content/marionette/interaction.js:179:31
console.warn: LoginRecipes: "getRecipes: falling back to a synchronous message for:" "https://contrataciondelestado.es"
console.warn: LoginRecipes: "getRecipes: falling back to a synchronous message for:" "https://contrataciondelestado.es"
console.warn: LoginRecipes: "getRecipes: falling back to a synchronous message for:" "https://contrataciondelestado.es"
console.warn: LoginRecipes: "getRecipes: falling back to a synchronous message for:" "https://contrataciondelestado.es"
console.warn: LoginRecipes: "getRecipes: falling back to a synchronous message for:" "https://contrataciondelestado.es"
console.warn: LoginRecipes: "getRecipes: falling back to a synchronous message for:" "https://contrataciondelestado.es"
console.warn: LoginRecipes: "getRecipes: falling back to a synchronous message for:" "https://contrataciondelestado.es"
console.warn: LoginRecipes: "getRecipes: falling back to a synchronous message for:" "https://contrataciondelestado.es"
console.warn: LoginRecipes: "getRecipes: falling back to a synchronous message for:" "https://contrataciondelestado.es"
console.warn: LoginRecipes: "getRecipes: falling back to a synchronous message for:" "https://contrataciondelestado.es"
console.warn: LoginRecipes: "getRecipes: falling back to a synchronous message for:" "https://contrataciondelestado.es"
1660559044530	Marionette	WARN	TimedPromise timed out after 500 ms: stacktrace:
TimedPromise/<@chrome://remote/content/marionette/sync.js:237:24
TimedPromise@chrome://remote/content/marionette/sync.js:222:10
interaction.flushEventLoop@chrome://remote/content/marionette/interaction.js:431:10
webdriverClickElement@chrome://remote/content/marionette/interaction.js:179:31
console.warn: LoginRecipes: "getRecipes: falling back to a synchronous message for:" "https://contrataciondelestado.es"
console.warn: LoginRecipes: "getRecipes: falling back to a synchronous message for:" "https://contrataciondelestado.es"
1660559048437	Marionette	WARN	TimedPromise timed out after 500 ms: stacktrace:
TimedPromise/<@chrome://remote/content/marionette/sync.js:237:24
TimedPromise@chrome://remote/content/marionette/sync.js:222:10
interaction.flushEventLoop@chrome://remote/content/marionette/interaction.js:431:10
webdriverClickElement@chrome://remote/content/marionette/interaction.js:179:31
console.warn: LoginRecipes: "getRecipes: falling back to a synchronous message for:" "https://contrataciondelestado.es"
console.warn: LoginRecipes: "getRecipes: falling back to a synchronous message for:" "https://contrataciondelestado.es"
console.warn: LoginRecipes: "getRecipes: falling back to a synchronous message for:" "https://contrataciondelestado.es"
1660559055816	Marionette	WARN	TimedPromise timed out after 500 ms: stacktrace:
TimedPromise/<@chrome://remote/content/marionette/sync.js:237:24
TimedPromise@chrome://remote/content/marionette/sync.js:222:10
interaction.flushEventLoop@chrome://remote/content/marionette/interaction.js:431:10
webdriverClickElement@chrome://remote/content/marionette/interaction.js:179:31
console.warn: LoginRecipes: "getRecipes: falling back to a synchronous message for:" "https://contrataciondelestado.es"
console.warn: LoginRecipes: "getRecipes: falling back to a synchronous message for:" "https://contrataciondelestado.es"
console.warn: LoginRecipes: "getRecipes: falling back to a synchronous message for:" "https://contrataciondelestado.es"
1660559060323	Marionette	WARN	TimedPromise timed out after 500 ms: stacktrace:
TimedPromise/<@chrome://remote/content/marionette/sync.js:237:24
TimedPromise@chrome://remote/content/marionette/sync.js:222:10
interaction.flushEventLoop@chrome://remote/content/marionette/interaction.js:431:10
webdriverClickElement@chrome://remote/content/marionette/interaction.js:179:31
console.warn: LoginRecipes: "getRecipes: falling back to a synchronous message for:" "https://contrataciondelestado.es"
1660559061339	Marionette	WARN	TimedPromise timed out after 500 ms: stacktrace:
TimedPromise/<@chrome://remote/content/marionette/sync.js:237:24
TimedPromise@chrome://remote/content/marionette/sync.js:222:10
interaction.flushEventLoop@chrome://remote/content/marionette/interaction.js:431:10
webdriverClickElement@chrome://remote/content/marionette/interaction.js:179:31
console.warn: LoginRecipes: "getRecipes: falling back to a synchronous message for:" "https://contrataciondelestado.es"
console.warn: LoginRecipes: "getRecipes: falling back to a synchronous message for:" "https://contrataciondelestado.es"
console.warn: LoginRecipes: "getRecipes: falling back to a synchronous message for:" "https://contrataciondelestado.es"
1660559140398	Marionette	WARN	TimedPromise timed out after 500 ms: stacktrace:
TimedPromise/<@chrome://remote/content/marionette/sync.js:237:24
TimedPromise@chrome://remote/content/marionette/sync.js:222:10
interaction.flushEventLoop@chrome://remote/content/marionette/interaction.js:431:10
webdriverClickElement@chrome://remote/content/marionette/interaction.js:179:31
console.warn: LoginRecipes: "getRecipes: falling back to a synchronous message for:" "https://contrataciondelestado.es"
console.warn: LoginRecipes: "getRecipes: falling back to a synchronous message for:" "https://contrataciondelestado.es"
1660559144118	Marionette	WARN	TimedPromise timed out after 500 ms: stacktrace:
TimedPromise/<@chrome://remote/content/marionette/sync.js:237:24
TimedPromise@chrome://remote/content/marionette/sync.js:222:10
interaction.flushEventLoop@chrome://remote/content/marionette/interaction.js:431:10
webdriverClickElement@chrome://remote/content/marionette/interaction.js:179:31
console.warn: LoginRecipes: "getRecipes: falling back to a synchronous message for:" "https://contrataciondelestado.es"
console.warn: LoginRecipes: "getRecipes: falling back to a synchronous message for:" "https://contrataciondelestado.es"
console.warn: LoginRecipes: "getRecipes: falling back to a synchronous message for:" "https://contrataciondelestado.es"
console.warn: LoginRecipes: "getRecipes: falling back to a synchronous message for:" "https://contrataciondelestado.es"
console.warn: LoginRecipes: "getRecipes: falling back to a synchronous message for:" "https://contrataciondelestado.es"
console.warn: LoginRecipes: "getRecipes: falling back to a synchronous message for:" "https://contrataciondelestado.es"
console.warn: LoginRecipes: "getRecipes: falling back to a synchronous message for:" "https://contrataciondelestado.es"
console.warn: LoginRecipes: "getRecipes: falling back to a synchronous message for:" "https://contrataciondelestado.es"
console.warn: LoginRecipes: "getRecipes: falling back to a synchronous message for:" "https://contrataciondelestado.es"
console.warn: LoginRecipes: "getRecipes: falling back to a synchronous message for:" "https://contrataciondelestado.es"
console.warn: LoginRecipes: "getRecipes: falling back to a synchronous message for:" "https://contrataciondelestado.es"
console.warn: LoginRecipes: "getRecipes: falling back to a synchronous message for:" "https://contrataciondelestado.es"
console.warn: LoginRecipes: "getRecipes: falling back to a synchronous message for:" "https://contrataciondelestado.es"
console.warn: LoginRecipes: "getRecipes: falling back to a synchronous message for:" "https://contrataciondelestado.es"
console.warn: LoginRecipes: "getRecipes: falling back to a synchronous message for:" "https://contrataciondelestado.es"
console.warn: LoginRecipes: "getRecipes: falling back to a synchronous message for:" "https://contrataciondelestado.es"
console.warn: LoginRecipes: "getRecipes: falling back to a synchronous message for:" "https://contrataciondelestado.es"
console.warn: LoginRecipes: "getRecipes: falling back to a synchronous message for:" "https://contrataciondelestado.es"
console.warn: LoginRecipes: "getRecipes: falling back to a synchronous message for:" "https://contrataciondelestado.es"
1660559403007	Marionette	INFO	Stopped listening on port 52607
1660559473088	geckodriver	INFO	Listening on 127.0.0.1:52237
1660559476124	mozrunner::runner	INFO	Running command: "C:\\Program Files\\Mozilla Firefox\\firefox.exe" "--marionette" "--remote-debugging-port" "52238" "--remote-allow-hosts" "localhost" "-no-remote" "-profile" "C:\\Users\\Akshay\\AppData\\Local\\Temp\\rust_mozprofileZFI9Hg"
1660559476570	Marionette	INFO	Marionette enabled
1660559476578	Marionette	INFO	Listening on port 52247
Read port: 52247
WebDriver BiDi listening on ws://localhost:52238
1660559476751	RemoteAgent	WARN	TLS certificate errors will be ignored for this session
console.warn: SearchSettings: "get: No settings file exists, new profile?" (new NotFoundError("Could not open the file at C:\\Users\\Akshay\\AppData\\Local\\Temp\\rust_mozprofileZFI9Hg\\search.json.mozlz4", (void 0)))
DevTools listening on ws://localhost:52238/devtools/browser/78a0ce56-d316-4b9f-a981-fa8c4aa91ecf
JavaScript error: resource://gre/modules/URIFixup.jsm, line 278: NS_ERROR_FAILURE: Should pass a non-null uri
console.warn: LoginRecipes: "getRecipes: falling back to a synchronous message for:" "https://contrataciondelestado.es"
console.warn: LoginRecipes: "getRecipes: falling back to a synchronous message for:" "https://contrataciondelestado.es"
console.warn: LoginRecipes: "getRecipes: falling back to a synchronous message for:" "https://contrataciondelestado.es"
console.warn: LoginRecipes: "getRecipes: falling back to a synchronous message for:" "https://contrataciondelestado.es"
console.warn: LoginRecipes: "getRecipes: falling back to a synchronous message for:" "https://contrataciondelestado.es"
console.warn: LoginRecipes: "getRecipes: falling back to a synchronous message for:" "https://contrataciondelestado.es"
console.warn: LoginRecipes: "getRecipes: falling back to a synchronous message for:" "https://contrataciondelestado.es"
console.warn: LoginRecipes: "getRecipes: falling back to a synchronous message for:" "https://contrataciondelestado.es"
console.warn: LoginRecipes: "getRecipes: falling back to a synchronous message for:" "https://contrataciondelestado.es"
console.warn: LoginRecipes: "getRecipes: falling back to a synchronous message for:" "https://contrataciondelestado.es"
console.warn: LoginRecipes: "getRecipes: falling back to a synchronous message for:" "https://contrataciondelestado.es"
console.warn: LoginRecipes: "getRecipes: falling back to a synchronous message for:" "https://contrataciondelestado.es"
console.warn: LoginRecipes: "getRecipes: falling back to a synchronous message for:" "https://contrataciondelestado.es"
console.warn: LoginRecipes: "getRecipes: falling back to a synchronous message for:" "https://contrataciondelestado.es"
console.warn: LoginRecipes: "getRecipes: falling back to a synchronous message for:" "https://contrataciondelestado.es"
console.warn: LoginRecipes: "getRecipes: falling back to a synchronous message for:" "https://contrataciondelestado.es"
console.warn: LoginRecipes: "getRecipes: falling back to a synchronous message for:" "https://contrataciondelestado.es"
console.warn: LoginRecipes: "getRecipes: falling back to a synchronous message for:" "https://contrataciondelestado.es"
console.warn: LoginRecipes: "getRecipes: falling back to a synchronous message for:" "https://contrataciondelestado.es"
console.warn: LoginRecipes: "getRecipes: falling back to a synchronous message for:" "https://contrataciondelestado.es"
console.warn: LoginRecipes: "getRecipes: falling back to a synchronous message for:" "https://contrataciondelestado.es"
console.warn: LoginRecipes: "getRecipes: falling back to a synchronous message for:" "https://contrataciondelestado.es"
console.warn: LoginRecipes: "getRecipes: falling back to a synchronous message for:" "https://contrataciondelestado.es"
1660559589194	Marionette	INFO	Stopped listening on port 52247
